{"O:\\Soft Ingenius Data\\SemProj4\\GitHubClones\\Sep4\\Frontend\\react-app\\src\\components\\DateTimeInput.jsx": {"path":"O:\\Soft Ingenius Data\\SemProj4\\GitHubClones\\Sep4\\Frontend\\react-app\\src\\components\\DateTimeInput.jsx","statementMap":{"0":{"start":{"line":7,"column":24},"end":{"line":7,"column":68}},"1":{"start":{"line":8,"column":23},"end":{"line":8,"column":66}},"2":{"start":{"line":11,"column":8},"end":{"line":22,"column":null}},"3":{"start":{"line":13,"column":23},"end":{"line":13,"column":56}},"4":{"start":{"line":14,"column":22},"end":{"line":14,"column":54}},"5":{"start":{"line":15,"column":4},"end":{"line":15,"column":null}},"6":{"start":{"line":16,"column":4},"end":{"line":22,"column":null}},"7":{"start":{"line":18,"column":6},"end":{"line":18,"column":null}},"8":{"start":{"line":19,"column":6},"end":{"line":19,"column":null}},"9":{"start":{"line":22,"column":6},"end":{"line":22,"column":null}},"10":{"start":{"line":25,"column":8},"end":{"line":28,"column":null}},"11":{"start":{"line":27,"column":4},"end":{"line":27,"column":null}},"12":{"start":{"line":28,"column":4},"end":{"line":28,"column":null}},"13":{"start":{"line":31,"column":8},"end":{"line":34,"column":null}},"14":{"start":{"line":33,"column":4},"end":{"line":33,"column":null}},"15":{"start":{"line":34,"column":4},"end":{"line":34,"column":null}},"16":{"start":{"line":37,"column":2},"end":{"line":60,"column":null}}},"fnMap":{"0":{"name":"DateTimeInput","decl":{"start":{"line":5,"column":16},"end":{"line":5,"column":30}},"loc":{"start":{"line":6,"column":2},"end":{"line":60,"column":null}},"line":6},"1":{"name":"(anonymous_1)","decl":{"start":{"line":11,"column":8},"end":{"line":11,"column":null}},"loc":{"start":{"line":12,"column":4},"end":{"line":22,"column":null}},"line":12},"2":{"name":"(anonymous_2)","decl":{"start":{"line":25,"column":8},"end":{"line":25,"column":25}},"loc":{"start":{"line":26,"column":4},"end":{"line":28,"column":null}},"line":26},"3":{"name":"(anonymous_3)","decl":{"start":{"line":31,"column":8},"end":{"line":31,"column":24}},"loc":{"start":{"line":32,"column":4},"end":{"line":34,"column":null}},"line":32}},"branchMap":{"0":{"loc":{"start":{"line":16,"column":4},"end":{"line":22,"column":null}},"type":"if","locations":[{"start":{"line":16,"column":4},"end":{"line":22,"column":null}},{"start":{"line":22,"column":6},"end":{"line":22,"column":null}}],"line":16}},"s":{"0":2,"1":2,"2":2,"3":0,"4":0,"5":0,"6":0,"7":0,"8":0,"9":0,"10":2,"11":0,"12":0,"13":2,"14":0,"15":0,"16":2},"f":{"0":2,"1":0,"2":0,"3":0},"b":{"0":[0,0]},"meta":{"lastBranch":1,"lastFunction":4,"lastStatement":17,"seen":{"f:5:16:5:30":0,"s:7:24:7:68":0,"s:8:23:8:66":1,"s:11:8:22:Infinity":2,"f:11:8:11:Infinity":1,"s:13:23:13:56":3,"s:14:22:14:54":4,"s:15:4:15:Infinity":5,"b:16:4:22:Infinity:22:6:22:Infinity":0,"s:16:4:22:Infinity":6,"s:18:6:18:Infinity":7,"s:19:6:19:Infinity":8,"s:22:6:22:Infinity":9,"s:25:8:28:Infinity":10,"f:25:8:25:25":2,"s:27:4:27:Infinity":11,"s:28:4:28:Infinity":12,"s:31:8:34:Infinity":13,"f:31:8:31:24":3,"s:33:4:33:Infinity":14,"s:34:4:34:Infinity":15,"s:37:2:60:Infinity":16}}}
,"O:\\Soft Ingenius Data\\SemProj4\\GitHubClones\\Sep4\\Frontend\\react-app\\src\\components\\GlobalContext.jsx": {"path":"O:\\Soft Ingenius Data\\SemProj4\\GitHubClones\\Sep4\\Frontend\\react-app\\src\\components\\GlobalContext.jsx","statementMap":{"0":{"start":{"line":3,"column":13},"end":{"line":3,"column":46}}},"fnMap":{},"branchMap":{},"s":{"0":1},"f":{},"b":{},"meta":{"lastBranch":0,"lastFunction":0,"lastStatement":1,"seen":{"s:3:13:3:46":0}}}
,"O:\\Soft Ingenius Data\\SemProj4\\GitHubClones\\Sep4\\Frontend\\react-app\\src\\components\\SensorChart.jsx": {"path":"O:\\Soft Ingenius Data\\SemProj4\\GitHubClones\\Sep4\\Frontend\\react-app\\src\\components\\SensorChart.jsx","statementMap":{"0":{"start":{"line":24,"column":19},"end":{"line":24,"column":null}},"1":{"start":{"line":26,"column":15},"end":{"line":32,"column":2}},"2":{"start":{"line":34,"column":4},"end":{"line":57,"column":null}},"3":{"start":{"line":36,"column":14},"end":{"line":36,"column":24}},"4":{"start":{"line":37,"column":20},"end":{"line":37,"column":30}},"5":{"start":{"line":40,"column":2},"end":{"line":40,"column":null}},"6":{"start":{"line":42,"column":15},"end":{"line":42,"column":32}},"7":{"start":{"line":43,"column":16},"end":{"line":43,"column":59}},"8":{"start":{"line":44,"column":14},"end":{"line":44,"column":52}},"9":{"start":{"line":46,"column":16},"end":{"line":46,"column":39}},"10":{"start":{"line":47,"column":17},"end":{"line":47,"column":66}},"11":{"start":{"line":48,"column":15},"end":{"line":48,"column":59}},"12":{"start":{"line":50,"column":16},"end":{"line":50,"column":55}},"13":{"start":{"line":51,"column":18},"end":{"line":51,"column":59}},"14":{"start":{"line":53,"column":28},"end":{"line":53,"column":null}},"15":{"start":{"line":54,"column":29},"end":{"line":54,"column":null}},"16":{"start":{"line":55,"column":2},"end":{"line":55,"column":null}},"17":{"start":{"line":57,"column":2},"end":{"line":57,"column":null}},"18":{"start":{"line":64,"column":10},"end":{"line":64,"column":47}},"19":{"start":{"line":66,"column":17},"end":{"line":66,"column":45}},"20":{"start":{"line":67,"column":15},"end":{"line":67,"column":38}},"21":{"start":{"line":68,"column":16},"end":{"line":68,"column":43}},"22":{"start":{"line":69,"column":15},"end":{"line":69,"column":42}},"23":{"start":{"line":72,"column":18},"end":{"line":72,"column":73}},"24":{"start":{"line":73,"column":17},"end":{"line":73,"column":71}},"25":{"start":{"line":77,"column":4},"end":{"line":77,"column":null}},"26":{"start":{"line":82,"column":4},"end":{"line":82,"column":null}},"27":{"start":{"line":86,"column":2},"end":{"line":88,"column":null}},"28":{"start":{"line":87,"column":4},"end":{"line":87,"column":null}},"29":{"start":{"line":93,"column":8},"end":{"line":97,"column":null}},"30":{"start":{"line":94,"column":4},"end":{"line":94,"column":null}},"31":{"start":{"line":96,"column":4},"end":{"line":96,"column":null}},"32":{"start":{"line":97,"column":4},"end":{"line":97,"column":null}},"33":{"start":{"line":103,"column":2},"end":{"line":105,"column":null}},"34":{"start":{"line":104,"column":4},"end":{"line":104,"column":null}},"35":{"start":{"line":107,"column":20},"end":{"line":164,"column":null}},"36":{"start":{"line":108,"column":4},"end":{"line":164,"column":null}},"37":{"start":{"line":109,"column":23},"end":{"line":109,"column":null}},"38":{"start":{"line":110,"column":6},"end":{"line":110,"column":null}},"39":{"start":{"line":112,"column":18},"end":{"line":118,"column":8}},"40":{"start":{"line":120,"column":6},"end":{"line":121,"column":null}},"41":{"start":{"line":121,"column":8},"end":{"line":121,"column":null}},"42":{"start":{"line":124,"column":19},"end":{"line":124,"column":35}},"43":{"start":{"line":125,"column":6},"end":{"line":125,"column":null}},"44":{"start":{"line":128,"column":6},"end":{"line":129,"column":null}},"45":{"start":{"line":129,"column":8},"end":{"line":129,"column":null}},"46":{"start":{"line":139,"column":24},"end":{"line":155,"column":14}},"47":{"start":{"line":140,"column":8},"end":{"line":152,"column":null}},"48":{"start":{"line":141,"column":27},"end":{"line":141,"column":51}},"49":{"start":{"line":143,"column":12},"end":{"line":146,"column":58}},"50":{"start":{"line":147,"column":26},"end":{"line":151,"column":null}},"51":{"start":{"line":152,"column":10},"end":{"line":152,"column":null}},"52":{"start":{"line":154,"column":8},"end":{"line":154,"column":null}},"53":{"start":{"line":158,"column":6},"end":{"line":158,"column":28}},"54":{"start":{"line":158,"column":28},"end":{"line":158,"column":null}},"55":{"start":{"line":161,"column":6},"end":{"line":161,"column":null}},"56":{"start":{"line":162,"column":6},"end":{"line":162,"column":null}},"57":{"start":{"line":164,"column":6},"end":{"line":164,"column":null}},"58":{"start":{"line":169,"column":23},"end":{"line":180,"column":null}},"59":{"start":{"line":170,"column":4},"end":{"line":170,"column":null}},"60":{"start":{"line":170,"column":25},"end":{"line":170,"column":null}},"61":{"start":{"line":172,"column":16},"end":{"line":172,"column":26}},"62":{"start":{"line":173,"column":17},"end":{"line":173,"column":null}},"63":{"start":{"line":175,"column":4},"end":{"line":177,"column":null}},"64":{"start":{"line":175,"column":24},"end":{"line":175,"column":null}},"65":{"start":{"line":176,"column":13},"end":{"line":177,"column":null}},"66":{"start":{"line":176,"column":29},"end":{"line":176,"column":null}},"67":{"start":{"line":177,"column":13},"end":{"line":177,"column":null}},"68":{"start":{"line":177,"column":30},"end":{"line":177,"column":null}},"69":{"start":{"line":179,"column":4},"end":{"line":179,"column":null}},"70":{"start":{"line":182,"column":2},"end":{"line":229,"column":null}},"71":{"start":{"line":187,"column":33},"end":{"line":187,"column":56}},"72":{"start":{"line":235,"column":2},"end":{"line":235,"column":null}}},"fnMap":{"0":{"name":"(anonymous_0)","decl":{"start":{"line":34,"column":4},"end":{"line":34,"column":null}},"loc":{"start":{"line":35,"column":2},"end":{"line":57,"column":null}},"line":35},"1":{"name":"SensorChart","decl":{"start":{"line":62,"column":16},"end":{"line":62,"column":30}},"loc":{"start":{"line":62,"column":30},"end":{"line":229,"column":null}},"line":62},"2":{"name":"handleStartDTFomComponent","decl":{"start":{"line":76,"column":11},"end":{"line":76,"column":37}},"loc":{"start":{"line":76,"column":43},"end":{"line":77,"column":null}},"line":76},"3":{"name":"handleSlutDTFomComponent","decl":{"start":{"line":81,"column":11},"end":{"line":81,"column":36}},"loc":{"start":{"line":81,"column":42},"end":{"line":82,"column":null}},"line":81},"4":{"name":"(anonymous_4)","decl":{"start":{"line":86,"column":2},"end":{"line":86,"column":18}},"loc":{"start":{"line":86,"column":18},"end":{"line":88,"column":6}},"line":86},"5":{"name":"(anonymous_5)","decl":{"start":{"line":93,"column":8},"end":{"line":93,"column":24}},"loc":{"start":{"line":93,"column":34},"end":{"line":97,"column":null}},"line":93},"6":{"name":"(anonymous_6)","decl":{"start":{"line":103,"column":2},"end":{"line":103,"column":18}},"loc":{"start":{"line":103,"column":18},"end":{"line":105,"column":6}},"line":103},"7":{"name":"(anonymous_7)","decl":{"start":{"line":107,"column":20},"end":{"line":107,"column":32}},"loc":{"start":{"line":107,"column":32},"end":{"line":164,"column":null}},"line":107},"8":{"name":"(anonymous_8)","decl":{"start":{"line":139,"column":29},"end":{"line":139,"column":37}},"loc":{"start":{"line":139,"column":58},"end":{"line":155,"column":13}},"line":139},"9":{"name":"(anonymous_9)","decl":{"start":{"line":169,"column":28},"end":{"line":169,"column":36}},"loc":{"start":{"line":169,"column":45},"end":{"line":180,"column":null}},"line":169},"10":{"name":"(anonymous_10)","decl":{"start":{"line":187,"column":16},"end":{"line":187,"column":27}},"loc":{"start":{"line":187,"column":33},"end":{"line":187,"column":56}},"line":187},"11":{"name":"Charts","decl":{"start":{"line":234,"column":16},"end":{"line":234,"column":25}},"loc":{"start":{"line":234,"column":25},"end":{"line":235,"column":null}},"line":234}},"branchMap":{"0":{"loc":{"start":{"line":116,"column":23},"end":{"line":116,"column":null}},"type":"binary-expr","locations":[{"start":{"line":116,"column":23},"end":{"line":116,"column":45}},{"start":{"line":116,"column":45},"end":{"line":116,"column":null}}],"line":116},"1":{"loc":{"start":{"line":120,"column":6},"end":{"line":121,"column":null}},"type":"if","locations":[{"start":{"line":120,"column":6},"end":{"line":121,"column":null}},{"start":{},"end":{}}],"line":120},"2":{"loc":{"start":{"line":128,"column":6},"end":{"line":129,"column":null}},"type":"if","locations":[{"start":{"line":128,"column":6},"end":{"line":129,"column":null}},{"start":{},"end":{}}],"line":128},"3":{"loc":{"start":{"line":140,"column":8},"end":{"line":152,"column":null}},"type":"if","locations":[{"start":{"line":140,"column":8},"end":{"line":152,"column":null}},{"start":{},"end":{}}],"line":140},"4":{"loc":{"start":{"line":170,"column":4},"end":{"line":170,"column":null}},"type":"if","locations":[{"start":{"line":170,"column":4},"end":{"line":170,"column":null}},{"start":{},"end":{}}],"line":170},"5":{"loc":{"start":{"line":175,"column":4},"end":{"line":177,"column":null}},"type":"if","locations":[{"start":{"line":175,"column":4},"end":{"line":177,"column":null}},{"start":{"line":176,"column":13},"end":{"line":177,"column":null}}],"line":175},"6":{"loc":{"start":{"line":176,"column":13},"end":{"line":177,"column":null}},"type":"if","locations":[{"start":{"line":176,"column":13},"end":{"line":177,"column":null}},{"start":{"line":177,"column":13},"end":{"line":177,"column":null}}],"line":176},"7":{"loc":{"start":{"line":177,"column":13},"end":{"line":177,"column":null}},"type":"if","locations":[{"start":{"line":177,"column":13},"end":{"line":177,"column":null}},{"start":{},"end":{}}],"line":177}},"s":{"0":1,"1":1,"2":1,"3":4,"4":4,"5":4,"6":4,"7":4,"8":4,"9":4,"10":4,"11":4,"12":4,"13":4,"14":4,"15":4,"16":4,"17":4,"18":2,"19":2,"20":2,"21":2,"22":2,"23":2,"24":2,"25":0,"26":0,"27":2,"28":2,"29":2,"30":0,"31":0,"32":0,"33":2,"34":2,"35":2,"36":2,"37":2,"38":2,"39":2,"40":0,"41":0,"42":0,"43":0,"44":0,"45":0,"46":0,"47":0,"48":0,"49":0,"50":0,"51":0,"52":0,"53":0,"54":0,"55":0,"56":0,"57":0,"58":2,"59":0,"60":0,"61":0,"62":0,"63":0,"64":0,"65":0,"66":0,"67":0,"68":0,"69":0,"70":2,"71":0,"72":0},"f":{"0":4,"1":2,"2":0,"3":0,"4":2,"5":0,"6":2,"7":2,"8":0,"9":0,"10":0,"11":0},"b":{"0":[2,2],"1":[0,0],"2":[0,0],"3":[0,0],"4":[0,0],"5":[0,0],"6":[0,0],"7":[0,0]},"meta":{"lastBranch":8,"lastFunction":12,"lastStatement":73,"seen":{"s:24:19:24:Infinity":0,"s:26:15:32:2":1,"s:34:4:57:Infinity":2,"f:34:4:34:Infinity":0,"s:36:14:36:24":3,"s:37:20:37:30":4,"s:40:2:40:Infinity":5,"s:42:15:42:32":6,"s:43:16:43:59":7,"s:44:14:44:52":8,"s:46:16:46:39":9,"s:47:17:47:66":10,"s:48:15:48:59":11,"s:50:16:50:55":12,"s:51:18:51:59":13,"s:53:28:53:Infinity":14,"s:54:29:54:Infinity":15,"s:55:2:55:Infinity":16,"s:57:2:57:Infinity":17,"f:62:16:62:30":1,"s:64:10:64:47":18,"s:66:17:66:45":19,"s:67:15:67:38":20,"s:68:16:68:43":21,"s:69:15:69:42":22,"s:72:18:72:73":23,"s:73:17:73:71":24,"f:76:11:76:37":2,"s:77:4:77:Infinity":25,"f:81:11:81:36":3,"s:82:4:82:Infinity":26,"s:86:2:88:Infinity":27,"f:86:2:86:18":4,"s:87:4:87:Infinity":28,"s:93:8:97:Infinity":29,"f:93:8:93:24":5,"s:94:4:94:Infinity":30,"s:96:4:96:Infinity":31,"s:97:4:97:Infinity":32,"s:103:2:105:Infinity":33,"f:103:2:103:18":6,"s:104:4:104:Infinity":34,"s:107:20:164:Infinity":35,"f:107:20:107:32":7,"s:108:4:164:Infinity":36,"s:109:23:109:Infinity":37,"s:110:6:110:Infinity":38,"s:112:18:118:8":39,"b:116:23:116:45:116:45:116:Infinity":0,"b:120:6:121:Infinity:undefined:undefined:undefined:undefined":1,"s:120:6:121:Infinity":40,"s:121:8:121:Infinity":41,"s:124:19:124:35":42,"s:125:6:125:Infinity":43,"b:128:6:129:Infinity:undefined:undefined:undefined:undefined":2,"s:128:6:129:Infinity":44,"s:129:8:129:Infinity":45,"s:139:24:155:14":46,"f:139:29:139:37":8,"b:140:8:152:Infinity:undefined:undefined:undefined:undefined":3,"s:140:8:152:Infinity":47,"s:141:27:141:51":48,"s:143:12:146:58":49,"s:147:26:151:Infinity":50,"s:152:10:152:Infinity":51,"s:154:8:154:Infinity":52,"s:158:6:158:28":53,"s:158:28:158:Infinity":54,"s:161:6:161:Infinity":55,"s:162:6:162:Infinity":56,"s:164:6:164:Infinity":57,"s:169:23:180:Infinity":58,"f:169:28:169:36":9,"b:170:4:170:Infinity:undefined:undefined:undefined:undefined":4,"s:170:4:170:Infinity":59,"s:170:25:170:Infinity":60,"s:172:16:172:26":61,"s:173:17:173:Infinity":62,"b:175:4:177:Infinity:176:13:177:Infinity":5,"s:175:4:177:Infinity":63,"s:175:24:175:Infinity":64,"b:176:13:177:Infinity:177:13:177:Infinity":6,"s:176:13:177:Infinity":65,"s:176:29:176:Infinity":66,"b:177:13:177:Infinity:undefined:undefined:undefined:undefined":7,"s:177:13:177:Infinity":67,"s:177:30:177:Infinity":68,"s:179:4:179:Infinity":69,"s:182:2:229:Infinity":70,"f:187:16:187:27":10,"s:187:33:187:56":71,"f:234:16:234:25":11,"s:235:2:235:Infinity":72}}}
,"O:\\Soft Ingenius Data\\SemProj4\\GitHubClones\\Sep4\\Frontend\\react-app\\src\\components\\css\\DateTimeInput.css": {"path":"O:\\Soft Ingenius Data\\SemProj4\\GitHubClones\\Sep4\\Frontend\\react-app\\src\\components\\css\\DateTimeInput.css","statementMap":{},"fnMap":{},"branchMap":{},"s":{},"f":{},"b":{},"meta":{"lastBranch":0,"lastFunction":0,"lastStatement":0,"seen":{}}}
,"O:\\Soft Ingenius Data\\SemProj4\\GitHubClones\\Sep4\\Frontend\\react-app\\src\\components\\css\\SensorChart.css": {"path":"O:\\Soft Ingenius Data\\SemProj4\\GitHubClones\\Sep4\\Frontend\\react-app\\src\\components\\css\\SensorChart.css","statementMap":{},"fnMap":{},"branchMap":{},"s":{},"f":{},"b":{},"meta":{"lastBranch":0,"lastFunction":0,"lastStatement":0,"seen":{}}}
,"O:\\Soft Ingenius Data\\SemProj4\\GitHubClones\\Sep4\\Frontend\\react-app\\src\\test\\TestExamples\\Counter.jsx": {"path":"O:\\Soft Ingenius Data\\SemProj4\\GitHubClones\\Sep4\\Frontend\\react-app\\src\\test\\TestExamples\\Counter.jsx","statementMap":{"0":{"start":{"line":4,"column":16},"end":{"line":4,"column":50}},"1":{"start":{"line":6,"column":2},"end":{"line":12,"column":null}},"2":{"start":{"line":9,"column":29},"end":{"line":9,"column":48}},"3":{"start":{"line":10,"column":29},"end":{"line":10,"column":48}},"4":{"start":{"line":11,"column":29},"end":{"line":11,"column":40}}},"fnMap":{"0":{"name":"Counter","decl":{"start":{"line":3,"column":16},"end":{"line":3,"column":24}},"loc":{"start":{"line":3,"column":46},"end":{"line":12,"column":null}},"line":3},"1":{"name":"(anonymous_1)","decl":{"start":{"line":9,"column":14},"end":{"line":9,"column":29}},"loc":{"start":{"line":9,"column":29},"end":{"line":9,"column":48}},"line":9},"2":{"name":"(anonymous_2)","decl":{"start":{"line":10,"column":14},"end":{"line":10,"column":29}},"loc":{"start":{"line":10,"column":29},"end":{"line":10,"column":48}},"line":10},"3":{"name":"(anonymous_3)","decl":{"start":{"line":11,"column":14},"end":{"line":11,"column":29}},"loc":{"start":{"line":11,"column":29},"end":{"line":11,"column":40}},"line":11}},"branchMap":{"0":{"loc":{"start":{"line":3,"column":26},"end":{"line":3,"column":46}},"type":"default-arg","locations":[{"start":{"line":3,"column":41},"end":{"line":3,"column":46}}],"line":3}},"s":{"0":8,"1":8,"2":1,"3":1,"4":1},"f":{"0":8,"1":1,"2":1,"3":1},"b":{"0":[8]},"meta":{"lastBranch":1,"lastFunction":4,"lastStatement":5,"seen":{"f:3:16:3:24":0,"b:3:41:3:46":0,"s:4:16:4:50":0,"s:6:2:12:Infinity":1,"f:9:14:9:29":1,"s:9:29:9:48":2,"f:10:14:10:29":2,"s:10:29:10:48":3,"f:11:14:11:29":3,"s:11:29:11:40":4}}}
,"O:\\Soft Ingenius Data\\SemProj4\\GitHubClones\\Sep4\\Frontend\\react-app\\src\\test\\TestExamples\\Greeting.jsx": {"path":"O:\\Soft Ingenius Data\\SemProj4\\GitHubClones\\Sep4\\Frontend\\react-app\\src\\test\\TestExamples\\Greeting.jsx","statementMap":{"0":{"start":{"line":2,"column":2},"end":{"line":6,"column":null}}},"fnMap":{"0":{"name":"Greeting","decl":{"start":{"line":1,"column":16},"end":{"line":1,"column":25}},"loc":{"start":{"line":1,"column":35},"end":{"line":6,"column":null}},"line":1}},"branchMap":{},"s":{"0":2},"f":{"0":2},"b":{},"meta":{"lastBranch":0,"lastFunction":1,"lastStatement":1,"seen":{"f:1:16:1:25":0,"s:2:2:6:Infinity":0}}}
,"O:\\Soft Ingenius Data\\SemProj4\\GitHubClones\\Sep4\\Frontend\\react-app\\src\\test\\TestExamples\\LoginForm.jsx": {"path":"O:\\Soft Ingenius Data\\SemProj4\\GitHubClones\\Sep4\\Frontend\\react-app\\src\\test\\TestExamples\\LoginForm.jsx","statementMap":{"0":{"start":{"line":4,"column":16},"end":{"line":4,"column":40}},"1":{"start":{"line":5,"column":19},"end":{"line":5,"column":46}},"2":{"start":{"line":6,"column":16},"end":{"line":6,"column":40}},"3":{"start":{"line":8,"column":8},"end":{"line":17,"column":null}},"4":{"start":{"line":9,"column":4},"end":{"line":9,"column":null}},"5":{"start":{"line":11,"column":4},"end":{"line":13,"column":null}},"6":{"start":{"line":12,"column":6},"end":{"line":12,"column":null}},"7":{"start":{"line":13,"column":6},"end":{"line":13,"column":null}},"8":{"start":{"line":16,"column":4},"end":{"line":16,"column":null}},"9":{"start":{"line":17,"column":4},"end":{"line":17,"column":null}},"10":{"start":{"line":20,"column":2},"end":{"line":41,"column":null}},"11":{"start":{"line":28,"column":27},"end":{"line":28,"column":null}},"12":{"start":{"line":37,"column":27},"end":{"line":37,"column":null}}},"fnMap":{"0":{"name":"LoginForm","decl":{"start":{"line":3,"column":16},"end":{"line":3,"column":26}},"loc":{"start":{"line":3,"column":40},"end":{"line":41,"column":null}},"line":3},"1":{"name":"(anonymous_1)","decl":{"start":{"line":8,"column":8},"end":{"line":8,"column":24}},"loc":{"start":{"line":8,"column":30},"end":{"line":17,"column":null}},"line":8},"2":{"name":"(anonymous_2)","decl":{"start":{"line":28,"column":10},"end":{"line":28,"column":21}},"loc":{"start":{"line":28,"column":27},"end":{"line":28,"column":null}},"line":28},"3":{"name":"(anonymous_3)","decl":{"start":{"line":37,"column":10},"end":{"line":37,"column":21}},"loc":{"start":{"line":37,"column":27},"end":{"line":37,"column":null}},"line":37}},"branchMap":{"0":{"loc":{"start":{"line":11,"column":4},"end":{"line":13,"column":null}},"type":"if","locations":[{"start":{"line":11,"column":4},"end":{"line":13,"column":null}},{"start":{},"end":{}}],"line":11},"1":{"loc":{"start":{"line":11,"column":8},"end":{"line":11,"column":29}},"type":"binary-expr","locations":[{"start":{"line":11,"column":8},"end":{"line":11,"column":18}},{"start":{"line":11,"column":18},"end":{"line":11,"column":29}}],"line":11},"2":{"loc":{"start":{"line":40,"column":7},"end":{"line":40,"column":null}},"type":"binary-expr","locations":[{"start":{"line":40,"column":7},"end":{"line":40,"column":16}},{"start":{"line":40,"column":16},"end":{"line":40,"column":null}}],"line":40}},"s":{"0":0,"1":0,"2":0,"3":0,"4":0,"5":0,"6":0,"7":0,"8":0,"9":0,"10":0,"11":0,"12":0},"f":{"0":0,"1":0,"2":0,"3":0},"b":{"0":[0,0],"1":[0,0],"2":[0,0]},"meta":{"lastBranch":3,"lastFunction":4,"lastStatement":13,"seen":{"f:3:16:3:26":0,"s:4:16:4:40":0,"s:5:19:5:46":1,"s:6:16:6:40":2,"s:8:8:17:Infinity":3,"f:8:8:8:24":1,"s:9:4:9:Infinity":4,"b:11:4:13:Infinity:undefined:undefined:undefined:undefined":0,"s:11:4:13:Infinity":5,"b:11:8:11:18:11:18:11:29":1,"s:12:6:12:Infinity":6,"s:13:6:13:Infinity":7,"s:16:4:16:Infinity":8,"s:17:4:17:Infinity":9,"s:20:2:41:Infinity":10,"f:28:10:28:21":2,"s:28:27:28:Infinity":11,"f:37:10:37:21":3,"s:37:27:37:Infinity":12,"b:40:7:40:16:40:16:40:Infinity":2}}}
,"O:\\Soft Ingenius Data\\SemProj4\\GitHubClones\\Sep4\\Frontend\\react-app\\src\\test\\TestExamples\\useFetch.jsx": {"path":"O:\\Soft Ingenius Data\\SemProj4\\GitHubClones\\Sep4\\Frontend\\react-app\\src\\test\\TestExamples\\useFetch.jsx","statementMap":{"0":{"start":{"line":4,"column":15},"end":{"line":4,"column":40}},"1":{"start":{"line":5,"column":18},"end":{"line":5,"column":46}},"2":{"start":{"line":6,"column":16},"end":{"line":6,"column":42}},"3":{"start":{"line":8,"column":2},"end":{"line":30,"column":null}},"4":{"start":{"line":9,"column":22},"end":{"line":25,"column":null}},"5":{"start":{"line":10,"column":6},"end":{"line":25,"column":null}},"6":{"start":{"line":11,"column":8},"end":{"line":11,"column":null}},"7":{"start":{"line":12,"column":25},"end":{"line":12,"column":41}},"8":{"start":{"line":14,"column":8},"end":{"line":15,"column":null}},"9":{"start":{"line":15,"column":10},"end":{"line":15,"column":null}},"10":{"start":{"line":18,"column":21},"end":{"line":18,"column":42}},"11":{"start":{"line":19,"column":8},"end":{"line":19,"column":null}},"12":{"start":{"line":20,"column":8},"end":{"line":20,"column":null}},"13":{"start":{"line":22,"column":8},"end":{"line":22,"column":null}},"14":{"start":{"line":23,"column":8},"end":{"line":23,"column":null}},"15":{"start":{"line":25,"column":8},"end":{"line":25,"column":null}},"16":{"start":{"line":29,"column":4},"end":{"line":29,"column":null}},"17":{"start":{"line":32,"column":2},"end":{"line":32,"column":null}}},"fnMap":{"0":{"name":"useFetch","decl":{"start":{"line":3,"column":16},"end":{"line":3,"column":25}},"loc":{"start":{"line":3,"column":30},"end":{"line":32,"column":null}},"line":3},"1":{"name":"(anonymous_1)","decl":{"start":{"line":8,"column":2},"end":{"line":8,"column":18}},"loc":{"start":{"line":8,"column":18},"end":{"line":30,"column":6}},"line":8},"2":{"name":"(anonymous_2)","decl":{"start":{"line":9,"column":22},"end":{"line":9,"column":34}},"loc":{"start":{"line":9,"column":34},"end":{"line":25,"column":null}},"line":9}},"branchMap":{"0":{"loc":{"start":{"line":14,"column":8},"end":{"line":15,"column":null}},"type":"if","locations":[{"start":{"line":14,"column":8},"end":{"line":15,"column":null}},{"start":{},"end":{}}],"line":14}},"s":{"0":0,"1":0,"2":0,"3":0,"4":0,"5":0,"6":0,"7":0,"8":0,"9":0,"10":0,"11":0,"12":0,"13":0,"14":0,"15":0,"16":0,"17":0},"f":{"0":0,"1":0,"2":0},"b":{"0":[0,0]},"meta":{"lastBranch":1,"lastFunction":3,"lastStatement":18,"seen":{"f:3:16:3:25":0,"s:4:15:4:40":0,"s:5:18:5:46":1,"s:6:16:6:42":2,"s:8:2:30:Infinity":3,"f:8:2:8:18":1,"s:9:22:25:Infinity":4,"f:9:22:9:34":2,"s:10:6:25:Infinity":5,"s:11:8:11:Infinity":6,"s:12:25:12:41":7,"b:14:8:15:Infinity:undefined:undefined:undefined:undefined":0,"s:14:8:15:Infinity":8,"s:15:10:15:Infinity":9,"s:18:21:18:42":10,"s:19:8:19:Infinity":11,"s:20:8:20:Infinity":12,"s:22:8:22:Infinity":13,"s:23:8:23:Infinity":14,"s:25:8:25:Infinity":15,"s:29:4:29:Infinity":16,"s:32:2:32:Infinity":17}}}
}
